15:4: not a valid test operator:  
15:4: not a valid test operator: 12.8
21:4: not a valid test operator: (
21:4: not a valid test operator: 535.54.03
usage: train_classification.py [-h] [--epochs EPOCHS]
                               [--checkpoint_every CHECKPOINT_EVERY] [--lr LR]
                               [--criterion CRITERION] [--beta BETA]
                               [--adveval_freq ADVEVAL_FREQ]
                               [--pgdeval_freq PGDEVAL_FREQ] [--data DATA]
                               [--batchsize BATCHSIZE] [--n N] [--L L] [--C C]
                               [--ch CH] [--T T] [--gamma GAMMA] [--J J]
                               [--ksizes KSIZES [KSIZES ...]]
                               [--ro_ksize RO_KSIZE] [--ro_N RO_N]
                               [--norm NORM] [--c_norm C_NORM]
                               [--use_omega USE_OMEGA] [--init_omg INIT_OMG]
                               [--global_omg GLOBAL_OMG]
                               [--learn_omg LEARN_OMG] [--ensemble ENSEMBLE]
                               [--finetune FINETUNE] [--ignore_size_mismatch]
                               exp_name
train_classification.py: error: unrecognized arguments: --batch_size 64
